SF:lib/presentation/atomic/atoms/app_text_field.dart
DA:7,1
DA:47,0
DA:49,0
DA:51,0
DA:52,0
DA:53,0
DA:54,0
DA:55,0
DA:56,0
DA:58,0
DA:65,0
DA:66,0
DA:73,0
DA:74,0
DA:75,0
DA:76,0
DA:77,0
DA:78,0
LF:18
LH:1
end_of_record
SF:lib/presentation/atomic/atoms/app_text.dart
DA:21,1
DA:49,0
DA:50,0
DA:53,0
DA:54,0
DA:55,0
DA:56,0
DA:57,0
DA:58,0
DA:59,0
DA:60,0
DA:64,0
DA:66,0
DA:67,0
DA:68,0
DA:69,0
DA:71,0
DA:72,0
DA:73,0
LF:19
LH:1
end_of_record
SF:lib/presentation/atomic/atoms/app_icon.dart
DA:6,1
DA:22,0
DA:24,0
DA:25,0
DA:26,0
DA:27,0
DA:28,0
LF:7
LH:1
end_of_record
SF:lib/main.dart
DA:4,0
DA:5,0
DA:9,2
DA:12,1
DA:14,1
DA:16,1
DA:17,1
DA:25,1
DA:38,1
DA:39,1
DA:43,1
DA:51,1
DA:52,1
DA:56,3
DA:59,3
LF:15
LH:13
end_of_record
SF:lib/core/theme/app_theme.dart
DA:4,2
DA:6,1
DA:35,1
DA:36,1
DA:37,1
DA:46,2
DA:48,1
DA:77,1
DA:78,1
DA:79,1
LF:10
LH:10
end_of_record
SF:lib/presentation/atomic/atoms/app_card.dart
DA:6,0
DA:38,0
DA:40,0
DA:42,0
DA:43,0
DA:44,0
DA:45,0
DA:46,0
DA:47,0
DA:49,0
DA:50,0
DA:51,0
DA:52,0
DA:53,0
LF:14
LH:0
end_of_record
SF:lib/presentation/atomic/atoms/app_divider.dart
DA:6,1
DA:30,0
DA:32,0
DA:34,0
DA:35,0
DA:36,0
DA:37,0
DA:38,0
DA:39,0
DA:47,1
DA:71,0
DA:73,0
DA:75,0
DA:76,0
DA:77,0
DA:78,0
DA:79,0
DA:80,0
LF:18
LH:2
end_of_record
SF:lib/presentation/atomic/atoms/app_button.dart
DA:6,1
DA:22,0
DA:24,0
DA:26,0
DA:27,0
DA:28,0
DA:29,0
DA:30,0
DA:31,0
DA:32,0
DA:33,0
DA:34,0
DA:36,0
DA:37,0
DA:40,0
LF:15
LH:1
end_of_record
